[2023-02-27 11:33:38Z INFO HostContext] No proxy settings were found based on environmental variables (http_proxy/https_proxy/HTTP_PROXY/HTTPS_PROXY)
[2023-02-27 11:33:38Z INFO HostContext] Well known directory 'Bin': '/Users/rupadas/node-sample/actions-runner/bin'
[2023-02-27 11:33:38Z INFO HostContext] Well known directory 'Root': '/Users/rupadas/node-sample/actions-runner'
[2023-02-27 11:33:38Z INFO HostContext] Well known config file 'Credentials': '/Users/rupadas/node-sample/actions-runner/.credentials'
[2023-02-27 11:33:38Z INFO HostContext] Well known directory 'Bin': '/Users/rupadas/node-sample/actions-runner/bin'
[2023-02-27 11:33:38Z INFO HostContext] Well known directory 'Root': '/Users/rupadas/node-sample/actions-runner'
[2023-02-27 11:33:38Z INFO HostContext] Well known config file 'Runner': '/Users/rupadas/node-sample/actions-runner/.runner'
[2023-02-27 11:33:38Z INFO Listener] Runner is built for OSX (X64) - osx-x64.
[2023-02-27 11:33:38Z INFO Listener] RuntimeInformation: Darwin 22.2.0 Darwin Kernel Version 22.2.0: Fri Nov 11 02:06:26 PST 2022; root:xnu-8792.61.2~4/RELEASE_ARM64_T8112.
[2023-02-27 11:33:38Z INFO Listener] Version: 2.301.1
[2023-02-27 11:33:38Z INFO Listener] Commit: f764f5dfa75a74600ef491599be8d4fea33ccdaf
[2023-02-27 11:33:38Z INFO Listener] Culture: 
[2023-02-27 11:33:38Z INFO Listener] UI Culture: 
[2023-02-27 11:33:38Z INFO HostContext] Well known directory 'Bin': '/Users/rupadas/node-sample/actions-runner/bin'
[2023-02-27 11:33:38Z INFO HostContext] Well known directory 'Root': '/Users/rupadas/node-sample/actions-runner'
[2023-02-27 11:33:38Z INFO Listener] Validating directory permissions for: '/Users/rupadas/node-sample/actions-runner'
[2023-02-27 11:33:38Z INFO CommandLineParser] Parse
[2023-02-27 11:33:38Z INFO CommandLineParser] Parsing 1 args
[2023-02-27 11:33:38Z INFO CommandLineParser] parsing argument
[2023-02-27 11:33:38Z INFO CommandLineParser] HasArgs: False
[2023-02-27 11:33:38Z INFO CommandLineParser] Adding Command: run
[2023-02-27 11:33:38Z INFO Listener] Arguments parsed
[2023-02-27 11:33:38Z INFO Runner] ExecuteCommand
[2023-02-27 11:33:38Z INFO ConfigurationStore] currentAssemblyLocation: /Users/rupadas/node-sample/actions-runner/bin/Runner.Listener.dll
[2023-02-27 11:33:38Z INFO HostContext] Well known directory 'Bin': '/Users/rupadas/node-sample/actions-runner/bin'
[2023-02-27 11:33:38Z INFO ConfigurationStore] binPath: /Users/rupadas/node-sample/actions-runner/bin
[2023-02-27 11:33:38Z INFO HostContext] Well known directory 'Bin': '/Users/rupadas/node-sample/actions-runner/bin'
[2023-02-27 11:33:38Z INFO HostContext] Well known directory 'Root': '/Users/rupadas/node-sample/actions-runner'
[2023-02-27 11:33:38Z INFO ConfigurationStore] RootFolder: /Users/rupadas/node-sample/actions-runner
[2023-02-27 11:33:38Z INFO HostContext] Well known directory 'Bin': '/Users/rupadas/node-sample/actions-runner/bin'
[2023-02-27 11:33:38Z INFO HostContext] Well known directory 'Root': '/Users/rupadas/node-sample/actions-runner'
[2023-02-27 11:33:38Z INFO HostContext] Well known config file 'Runner': '/Users/rupadas/node-sample/actions-runner/.runner'
[2023-02-27 11:33:38Z INFO ConfigurationStore] ConfigFilePath: /Users/rupadas/node-sample/actions-runner/.runner
[2023-02-27 11:33:38Z INFO HostContext] Well known directory 'Bin': '/Users/rupadas/node-sample/actions-runner/bin'
[2023-02-27 11:33:38Z INFO HostContext] Well known directory 'Root': '/Users/rupadas/node-sample/actions-runner'
[2023-02-27 11:33:38Z INFO HostContext] Well known config file 'Credentials': '/Users/rupadas/node-sample/actions-runner/.credentials'
[2023-02-27 11:33:38Z INFO ConfigurationStore] CredFilePath: /Users/rupadas/node-sample/actions-runner/.credentials
[2023-02-27 11:33:38Z INFO HostContext] Well known directory 'Bin': '/Users/rupadas/node-sample/actions-runner/bin'
[2023-02-27 11:33:38Z INFO HostContext] Well known directory 'Root': '/Users/rupadas/node-sample/actions-runner'
[2023-02-27 11:33:38Z INFO HostContext] Well known config file 'MigratedCredentials': '/Users/rupadas/node-sample/actions-runner/.credentials_migrated'
[2023-02-27 11:33:38Z INFO ConfigurationStore] MigratedCredFilePath: /Users/rupadas/node-sample/actions-runner/.credentials_migrated
[2023-02-27 11:33:38Z INFO HostContext] Well known directory 'Bin': '/Users/rupadas/node-sample/actions-runner/bin'
[2023-02-27 11:33:38Z INFO HostContext] Well known directory 'Root': '/Users/rupadas/node-sample/actions-runner'
[2023-02-27 11:33:38Z INFO HostContext] Well known config file 'Service': '/Users/rupadas/node-sample/actions-runner/.service'
[2023-02-27 11:33:38Z INFO ConfigurationStore] ServiceConfigFilePath: /Users/rupadas/node-sample/actions-runner/.service
[2023-02-27 11:33:38Z INFO CommandSettings] Flag 'help': 'False'
[2023-02-27 11:33:38Z INFO CommandSettings] Flag 'version': 'False'
[2023-02-27 11:33:38Z INFO CommandSettings] Flag 'commit': 'False'
[2023-02-27 11:33:38Z INFO CommandSettings] Flag 'check': 'False'
[2023-02-27 11:33:38Z INFO CommandSettings] Command 'configure': 'False'
[2023-02-27 11:33:38Z INFO CommandSettings] Command 'remove': 'False'
[2023-02-27 11:33:38Z INFO CommandSettings] Command 'warmup': 'False'
[2023-02-27 11:33:38Z INFO ConfigurationManager] LoadSettings
[2023-02-27 11:33:38Z INFO ConfigurationStore] IsConfigured()
[2023-02-27 11:33:38Z INFO ConfigurationStore] IsConfigured: True
[2023-02-27 11:33:38Z INFO ConfigurationManager] Is configured: True
[2023-02-27 11:33:38Z INFO ConfigurationStore] Read setting file: 294 chars
[2023-02-27 11:33:38Z INFO ConfigurationManager] Settings Loaded
[2023-02-27 11:33:38Z INFO ConfigurationStore] IsServiceConfigured()
[2023-02-27 11:33:38Z INFO ConfigurationStore] IsServiceConfigured: False
[2023-02-27 11:33:38Z INFO CommandSettings] Command 'run': 'True'
[2023-02-27 11:33:38Z INFO ConfigurationStore] IsConfigured()
[2023-02-27 11:33:38Z INFO ConfigurationStore] IsConfigured: True
[2023-02-27 11:33:38Z INFO ConfigurationManager] Is configured: True
[2023-02-27 11:33:38Z INFO Runner] Could not parse the argument value '' for StartupType. Defaulting to Manual
[2023-02-27 11:33:38Z INFO Runner] Set runner startup type - Manual
[2023-02-27 11:33:38Z INFO CommandSettings] Flag 'once': 'False'
[2023-02-27 11:33:38Z INFO CommandSettings] Flag 'once': 'False'
[2023-02-27 11:33:38Z INFO Runner] RunAsync
[2023-02-27 11:33:38Z INFO ConfigurationManager] LoadSettings
[2023-02-27 11:33:38Z INFO ConfigurationStore] IsConfigured()
[2023-02-27 11:33:38Z INFO ConfigurationStore] IsConfigured: True
[2023-02-27 11:33:38Z INFO ConfigurationManager] Is configured: True
[2023-02-27 11:33:38Z INFO ConfigurationManager] Settings Loaded
[2023-02-27 11:33:38Z INFO MessageListener] {
  "AgentId": 21,
  "AgentName": "Rupas-MacBook-Air",
  "PoolId": 1,
  "PoolName": "Default",
  "ServerUrl": "https://pipelines.actions.githubusercontent.com/iNbVLMKwQeaApndkhIki2x1kCI86219li5XsYpfGb9a4ZJcfcW",
  "GitHubUrl": "https://github.com/rupadas/node-sample",
  "WorkFolder": "_work"
}
[2023-02-27 11:33:38Z INFO MessageListener] Loading Credentials
[2023-02-27 11:33:38Z INFO ConfigurationStore] HasCredentials()
[2023-02-27 11:33:38Z INFO ConfigurationStore] stored True
[2023-02-27 11:33:38Z INFO CredentialManager] GetCredentialProvider
[2023-02-27 11:33:38Z INFO CredentialManager] Creating type OAuth
[2023-02-27 11:33:38Z INFO CredentialManager] Creating credential type: OAuth
[2023-02-27 11:33:38Z INFO HostContext] Well known directory 'Bin': '/Users/rupadas/node-sample/actions-runner/bin'
[2023-02-27 11:33:38Z INFO HostContext] Well known directory 'Root': '/Users/rupadas/node-sample/actions-runner'
[2023-02-27 11:33:38Z INFO HostContext] Well known config file 'RSACredentials': '/Users/rupadas/node-sample/actions-runner/.credentials_rsaparams'
[2023-02-27 11:33:38Z INFO RSAFileKeyManager] Loading RSA key parameters from file /Users/rupadas/node-sample/actions-runner/.credentials_rsaparams
[2023-02-27 11:33:38Z INFO MessageListener] Attempt to create session.
[2023-02-27 11:33:38Z INFO MessageListener] Connecting to the Runner Server...
[2023-02-27 11:33:38Z INFO RunnerServer] EstablishVssConnection
[2023-02-27 11:33:38Z INFO RunnerServer] Establish connection with 100 seconds timeout.
[2023-02-27 11:33:39Z INFO GitHubActionsService] Starting operation Location.GetConnectionData
[2023-02-27 11:33:39Z INFO RunnerServer] EstablishVssConnection
[2023-02-27 11:33:39Z INFO RunnerServer] Establish connection with 60 seconds timeout.
[2023-02-27 11:33:39Z INFO GitHubActionsService] Starting operation Location.GetConnectionData
[2023-02-27 11:33:39Z INFO RunnerServer] EstablishVssConnection
[2023-02-27 11:33:39Z INFO RunnerServer] Establish connection with 60 seconds timeout.
[2023-02-27 11:33:39Z INFO GitHubActionsService] Starting operation Location.GetConnectionData
[2023-02-27 11:33:39Z INFO GitHubActionsService] Finished operation Location.GetConnectionData
[2023-02-27 11:33:40Z INFO GitHubActionsService] Finished operation Location.GetConnectionData
[2023-02-27 11:33:40Z INFO GitHubActionsService] Finished operation Location.GetConnectionData
[2023-02-27 11:33:40Z INFO GitHubActionsService] Starting operation Location.GetConnectionData
[2023-02-27 11:33:40Z INFO GitHubActionsService] Finished operation Location.GetConnectionData
[2023-02-27 11:33:40Z INFO GitHubActionsService] Starting operation Location.GetConnectionData
[2023-02-27 11:33:41Z INFO GitHubActionsService] Finished operation Location.GetConnectionData
[2023-02-27 11:33:41Z INFO MessageListener] VssConnection created
[2023-02-27 11:33:41Z INFO Terminal] WRITE LINE: 
[2023-02-27 11:33:41Z INFO Terminal] WRITE LINE: 
[2023-02-27 11:33:41Z INFO RSAFileKeyManager] Loading RSA key parameters from file /Users/rupadas/node-sample/actions-runner/.credentials_rsaparams
[2023-02-27 11:33:41Z INFO RSAFileKeyManager] Loading RSA key parameters from file /Users/rupadas/node-sample/actions-runner/.credentials_rsaparams
[2023-02-27 11:33:42Z INFO GitHubActionsService] AAD Correlation ID for this token request: Unknown
[2023-02-27 11:33:42Z INFO MessageListener] Session created.
[2023-02-27 11:33:42Z INFO Terminal] WRITE LINE: Current runner version: '2.301.1'
[2023-02-27 11:33:42Z INFO Terminal] WRITE LINE: 2023-02-27 11:33:42Z: Listening for Jobs
[2023-02-27 11:33:42Z INFO JobDispatcher] Set runner/worker IPC timeout to 30 seconds.
